#
# There is insufficient memory for the Java Runtime Environment to continue.
# Native memory allocation (mmap) failed to map 132120576 bytes for G1 virtual space
# Possible reasons:
#   The system is out of physical RAM or swap space
#   The process is running with CompressedOops enabled, and the Java Heap may be blocking the growth of the native heap
# Possible solutions:
#   Reduce memory load on the system
#   Increase physical memory or swap space
#   Check if swap backing store is full
#   Decrease Java heap size (-Xmx/-Xms)
#   Decrease number of Java threads
#   Decrease Java thread stack sizes (-Xss)
#   Set larger code cache with -XX:ReservedCodeCacheSize=
#   JVM is running with Unscaled Compressed Oops mode in which the Java heap is
#     placed in the first 4GB address space. The Java Heap base address is the
#     maximum limit for the native heap growth. Please use -XX:HeapBaseMinAddress
#     to set the Java Heap base and to place the Java Heap above 4GB virtual address.
# This output file may be truncated or incomplete.
#
#  Out of Memory Error (os_windows.cpp:3532), pid=1708, tid=9508
#
# JRE version:  (17.0.2+8) (build )
# Java VM: OpenJDK 64-Bit Server VM (17.0.2+8, mixed mode, sharing, tiered, compressed oops, compressed class ptrs, g1 gc, windows-amd64)
# No core dump will be written. Minidumps are not enabled by default on client versions of Windows
#

---------------  S U M M A R Y ------------

Command Line: -XX:+ShowCodeDetailsInExceptionMessages App

Host: Intel(R) Pentium(R) Gold G5400 CPU @ 3.70GHz, 4 cores, 7G,  Windows 10 , 64 bit Build 19041 (10.0.19041.1889)
Time: Tue Oct  4 20:47:13 2022 Hora est. Pacífico, Sudamérica elapsed time: 0.093543 seconds (0d 0h 0m 0s)

---------------  T H R E A D  ---------------

Current thread (0x00000244326bc6d0):  JavaThread "Unknown thread" [_thread_in_vm, id=9508, stack(0x0000008a84900000,0x0000008a84a00000)]

Stack: [0x0000008a84900000,0x0000008a84a00000]
Native frames: (J=compiled Java code, j=interpreted, Vv=VM code, C=native code)
V  [jvm.dll+0x67564a]
V  [jvm.dll+0x82fc04]
V  [jvm.dll+0x8313ae]
V  [jvm.dll+0x831a13]
V  [jvm.dll+0x245235]
V  [jvm.dll+0x672539]
V  [jvm.dll+0x666e82]
V  [jvm.dll+0x30401b]
V  [jvm.dll+0x30b566]
V  [jvm.dll+0x35b1fe]
V  [jvm.dll+0x35b42f]
V  [jvm.dll+0x2daf58]
V  [jvm.dll+0x2dbec4]
V  [jvm.dll+0x801881]
V  [jvm.dll+0x368f81]
V  [jvm.dll+0x7e0cdc]
V  [jvm.dll+0x3eb8bf]
V  [jvm.dll+0x3ed441]
C  [jli.dll+0x5277]
C  [ucrtbase.dll+0x21bb2]
C  [KERNEL32.DLL+0x17034]
C  [ntdll.dll+0x526a1]


---------------  P R O C E S S  ---------------

Threads class SMR info:
_java_thread_list=0x00007fff9d365e98, length=0, elements={
}

Java Threads: ( => current thread )

Other Threads:
  0x00000244326fba00 GCTaskThread "GC Thread#0" [stack: 0x0000008a84a00000,0x0000008a84b00000] [id=9736]
  0x000002443270dcf0 ConcurrentGCThread "G1 Main Marker" [stack: 0x0000008a84b00000,0x0000008a84c00000] [id=7240]
  0x000002443270e710 ConcurrentGCThread "G1 Conc#0" [stack: 0x0000008a84c00000,0x0000008a84d00000] [id=14436]

[error occurred during error reporting (printing all threads), id 0xc0000005, EXCEPTION_ACCESS_VIOLATION (0xc0000005) at pc=0x00007fff9cb3b9d7]

VM state: not at safepoint (not fully initialized)

VM Mutex/Monitor currently owned by a thread:  ([mutex/lock_event])
[0x00000244326b6da0] Heap_lock - owner thread: 0x00000244326bc6d0

Heap address: 0x0000000082000000, size: 2016 MB, Compressed Oops mode: 32-bit

CDS archive(s) mapped at: [0x0000000000000000-0x0000000000000000-0x0000000000000000), size 0, SharedBaseAddress: 0x0000000800000000, ArchiveRelocationMode: 0.
Narrow klass base: 0x0000000000000000, Narrow klass shift: 0, Narrow klass range: 0x0

GC Precious Log:
<Empty>

Heap:
 garbage-first heap   total 0K, used 0K [0x0000000082000000, 0x0000000100000000)
  region size 1024K, 0 young (0K), 0 survivors (0K)

[error occurred during error reporting (printing heap information), id 0xc0000005, EXCEPTION_ACCESS_VIOLATION (0xc0000005) at pc=0x00007fff9cf1e899]

GC Heap History (0 events):
No events

Deoptimization events (0 events):
No events

Classes unloaded (0 events):
No events

Classes redefined (0 events):
No events

Internal exceptions (0 events):
No events

VM Operations (0 events):
No events

Events (1 events):
Event: 0.053 Loaded shared library C:\Program Files\Eclipse Adoptium\jdk-17.0.2.8-hotspot\bin\java.dll


Dynamic libraries:
0x00007ff6a6dd0000 - 0x00007ff6a6dde000 	C:\Program Files\Eclipse Adoptium\jdk-17.0.2.8-hotspot\bin\java.exe
0x00007ff814af0000 - 0x00007ff814ce8000 	C:\windows\SYSTEM32\ntdll.dll
0x00007ff8134c0000 - 0x00007ff81357d000 	C:\windows\System32\KERNEL32.DLL
0x00007ff812680000 - 0x00007ff81294e000 	C:\windows\System32\KERNELBASE.dll
0x00007ff812580000 - 0x00007ff812680000 	C:\windows\System32\ucrtbase.dll
0x00007fffd0d90000 - 0x00007fffd0da8000 	C:\Program Files\Eclipse Adoptium\jdk-17.0.2.8-hotspot\bin\jli.dll
0x00007ff813910000 - 0x00007ff813ab0000 	C:\windows\System32\USER32.dll
0x00007ff812550000 - 0x00007ff812572000 	C:\windows\System32\win32u.dll
0x00007ff813d90000 - 0x00007ff813dba000 	C:\windows\System32\GDI32.dll
0x00007ff812210000 - 0x00007ff81231b000 	C:\windows\System32\gdi32full.dll
0x00007ff812ab0000 - 0x00007ff812b4d000 	C:\windows\System32\msvcp_win.dll
0x00007ff8009a0000 - 0x00007ff8009b9000 	C:\Program Files\Eclipse Adoptium\jdk-17.0.2.8-hotspot\bin\VCRUNTIME140.dll
0x00007ffffaaa0000 - 0x00007ffffad3a000 	C:\windows\WinSxS\amd64_microsoft.windows.common-controls_6595b64144ccf1df_6.0.19041.1110_none_60b5254171f9507e\COMCTL32.dll
0x00007ff812e00000 - 0x00007ff812e9e000 	C:\windows\System32\msvcrt.dll
0x00007ff812d00000 - 0x00007ff812d30000 	C:\windows\System32\IMM32.DLL
0x00007ff800990000 - 0x00007ff80099c000 	C:\Program Files\Eclipse Adoptium\jdk-17.0.2.8-hotspot\bin\vcruntime140_1.dll
0x00007fffc4800000 - 0x00007fffc4891000 	C:\Program Files\Eclipse Adoptium\jdk-17.0.2.8-hotspot\bin\msvcp140.dll
0x00007fff9c850000 - 0x00007fff9d497000 	C:\Program Files\Eclipse Adoptium\jdk-17.0.2.8-hotspot\bin\server\jvm.dll
0x00007ff8135f0000 - 0x00007ff81369e000 	C:\windows\System32\ADVAPI32.dll
0x00007ff813ab0000 - 0x00007ff813b4c000 	C:\windows\System32\sechost.dll
0x00007ff8137d0000 - 0x00007ff8138f5000 	C:\windows\System32\RPCRT4.dll
0x00007ff813900000 - 0x00007ff813908000 	C:\windows\System32\PSAPI.DLL
0x00007ffffec40000 - 0x00007ffffec67000 	C:\windows\SYSTEM32\WINMM.dll
0x00007ffffcac0000 - 0x00007ffffcac9000 	C:\windows\SYSTEM32\WSOCK32.dll
0x00007ff80d310000 - 0x00007ff80d31a000 	C:\windows\SYSTEM32\VERSION.dll
0x00007ff8149b0000 - 0x00007ff814a1b000 	C:\windows\System32\WS2_32.dll
0x00007ff810120000 - 0x00007ff810132000 	C:\windows\SYSTEM32\kernel.appcore.dll
0x00007fffe1040000 - 0x00007fffe104a000 	C:\Program Files\Eclipse Adoptium\jdk-17.0.2.8-hotspot\bin\jimage.dll
0x00007ff80bd70000 - 0x00007ff80bf54000 	C:\windows\SYSTEM32\DBGHELP.DLL
0x00007ff80b7b0000 - 0x00007ff80b7dc000 	C:\windows\SYSTEM32\dbgcore.DLL
0x00007ff812470000 - 0x00007ff8124f2000 	C:\windows\System32\bcryptPrimitives.dll
0x00007fffcb6e0000 - 0x00007fffcb705000 	C:\Program Files\Eclipse Adoptium\jdk-17.0.2.8-hotspot\bin\java.dll

dbghelp: loaded successfully - version: 4.0.5 - missing functions: none
symbol engine: initialized successfully - sym options: 0x614 - pdb path: .;C:\Program Files\Eclipse Adoptium\jdk-17.0.2.8-hotspot\bin;C:\windows\SYSTEM32;C:\windows\WinSxS\amd64_microsoft.windows.common-controls_6595b64144ccf1df_6.0.19041.1110_none_60b5254171f9507e;C:\Program Files\Eclipse Adoptium\jdk-17.0.2.8-hotspot\bin\server

VM Arguments:
jvm_args: -XX:+ShowCodeDetailsInExceptionMessages 
java_command: App
java_class_path (initial): C:\Users\Joimar\Documents\NetBeansProjects\MVC-1\bin
Launcher Type: SUN_STANDARD

[Global flags]
     intx CICompilerCount                          = 3                                         {product} {ergonomic}
     uint ConcGCThreads                            = 1                                         {product} {ergonomic}
     uint G1ConcRefinementThreads                  = 4                                         {product} {ergonomic}
   size_t G1HeapRegionSize                         = 1048576                                   {product} {ergonomic}
    uintx GCDrainStackTargetSize                   = 64                                        {product} {ergonomic}
   size_t InitialHeapSize                          = 132120576                                 {product} {ergonomic}
   size_t MarkStackSize                            = 4194304                                   {product} {ergonomic}
   size_t MaxHeapSize                              = 2113929216                                {product} {ergonomic}
   size_t MinHeapDeltaBytes                        = 1048576                                   {product} {ergonomic}
   size_t MinHeapSize                              = 8388608                                   {product} {ergonomic}
    uintx NonNMethodCodeHeapSize                   = 5832780                                {pd product} {ergonomic}
    uintx NonProfiledCodeHeapSize                  = 122912730                              {pd product} {ergonomic}
    uintx ProfiledCodeHeapSize                     = 122912730                              {pd product} {ergonomic}
    uintx ReservedCodeCacheSize                    = 251658240                              {pd product} {ergonomic}
     bool SegmentedCodeCache                       = true                                      {product} {ergonomic}
     bool ShowCodeDetailsInExceptionMessages       = true                                   {manageable} {command line}
   size_t SoftMaxHeapSize                          = 2113929216                             {manageable} {ergonomic}
     bool UseCompressedClassPointers               = true                           {product lp64_product} {ergonomic}
     bool UseCompressedOops                        = true                           {product lp64_product} {ergonomic}
     bool UseG1GC                                  = true                                      {product} {ergonomic}
     bool UseLargePagesIndividualAllocation        = false                                  {pd product} {ergonomic}

Logging:
Log output configuration:
 #0: stdout all=warning uptime,level,tags
 #1: stderr all=off uptime,level,tags

Environment Variables:
PATH=C:\Program Files\Microsoft MPI\Bin\;C:\Program Files\Common Files\Oracle\Java\javapath;C:\Program Files\Eclipse Adoptium\jdk-17.0.2.8-hotspot\bin;C:\Program Files (x86)\Common Files\Oracle\Java\javapath;C:\Windows\system32;C:\Windows;C:\Windows\System32\Wbem;C:\Windows\System32\WindowsPowerShell\v1.0\;C:\Windows\System32\OpenSSH\;C:\Program Files\Git\cmd;C:\Program Files\Microsoft VS Code\bin;C:\Program Files\nodejs\;C:\Program Files\Java\jdk-15.0.2\bin;C:\Program Files\dotnet\;C:\wamp64\bin\php\php8.1.0;C:\Program Files (x86)\Microsoft SQL Server\150\Tools\Binn\;C:\Program Files\Microsoft SQL Server\150\Tools\Binn\;C:\Program Files (x86)\Microsoft SQL Server\150\DTS\Binn\;C:\Program Files\Microsoft SQL Server\150\DTS\Binn\;C:\Program Files\Microsoft SQL Server\Client SDK\ODBC\170\Tools\Binn\;C:\Program Files\Azure Data Studio\bin;C:\Program Files\MySQL\MySQL Shell 8.0\bin\;C:\Users\Joimar\AppData\Local\Microsoft\WindowsApps;C:\Users\Joimar\spicetify-cli;C:\Users\Joimar\AppData\Local\Programs\Microsoft VS Code\bin;C:\Users\Joimar\AppData\Roaming\npm;C:\Program Files\Java\jdk-15.0.2\bin;C:\wamp64\bin\php\php8.1.0;;C:\IntelliJ IDEA 2022.1.1\bin;;C:\Users\Joimar\.dotnet\tools;C:\Program Files\Azure Data Studio\bin
USERNAME=Joimar
LANG=es_ES.UTF-8
OS=Windows_NT
PROCESSOR_IDENTIFIER=Intel64 Family 6 Model 158 Stepping 10, GenuineIntel



---------------  S Y S T E M  ---------------

OS:
 Windows 10 , 64 bit Build 19041 (10.0.19041.1889)
OS uptime: 0 days 22:58 hours

CPU: total 4 (initial active 4) (2 cores per cpu, 2 threads per core) family 6 model 158 stepping 10 microcode 0xb4, cx8, cmov, fxsr, ht, mmx, 3dnowpref, sse, sse2, sse3, ssse3, sse4.1, sse4.2, popcnt, lzcnt, tsc, tscinvbit, aes, erms, clmul, clflush, clflushopt

Memory: 4k page, system-wide physical 8057M (244M free)
TotalPageFile size 16249M (AvailPageFile size 107M)
current process WorkingSet (physical memory assigned to process): 10M, peak: 10M
current process commit charge ("private bytes"): 51M, peak: 177M

vm_info: OpenJDK 64-Bit Server VM (17.0.2+8) for windows-amd64 JRE (17.0.2+8), built on Jan 20 2022 04:52:34 by "" with MS VC++ 16.7 (VS2019)

END.
